failed to create drawable
compiz (core) - Warn: glXCreatePixmap failed
failed to create drawable
compiz (core) - Warn: glXCreatePixmap failed
failed to create drawable
compiz (core) - Warn: glXCreatePixmap failed
failed to create drawable
compiz (core) - Warn: glXCreatePixmap failed
failed to create drawable
compiz (core) - Warn: glXCreatePixmap failed
failed to create drawable
compiz (core) - Warn: glXCreatePixmap failed
failed to create drawable
compiz (core) - Warn: glXCreatePixmap failed
failed to create drawable
compiz (core) - Warn: glXCreatePixmap failed
failed to create drawable
compiz (core) - Warn: glXCreatePixmap failed
failed to create drawable
compiz (core) - Warn: glXCreatePixmap failed
failed to create drawable
compiz (core) - Warn: glXCreatePixmap failed
failed to create drawable
compiz (core) - Warn: glXCreatePixmap failed
failed to create drawable
compiz (core) - Warn: glXCreatePixmap failed
failed to create drawable
compiz (core) - Warn: glXCreatePixmap failed
failed to create drawable
compiz (core) - Warn: glXCreatePixmap failed
failed to create drawable
compiz (core) - Warn: glXCreatePixmap failed
failed to create drawable
compiz (core) - Warn: glXCreatePixmap failed
failed to create drawable
compiz (core) - Warn: glXCreatePixmap failed
failed to create drawable
compiz (core) - Warn: glXCreatePixmap failed
WARN  2018-01-12 17:45:27 unity.iconloader IconLoader.cpp:756 Unable to load icon file:/// at size -1x22: Can't open directory
failed to create drawable
compiz (core) - Warn: glXCreatePixmap failed
failed to create drawable
compiz (core) - Warn: glXCreatePixmap failed
failed to create drawable
compiz (core) - Warn: glXCreatePixmap failed
failed to create drawable
compiz (core) - Warn: glXCreatePixmap failed
console.error: 
  Corrupt session file (invalid JSON found) 
  Message: SyntaxError: JSON.parse: unexpected end of data at line 1 column 1 of the JSON data
  Stack:
    SessionFileInternal.read<@resource://app/modules/sessionstore/SessionFile.jsm:227:22
TaskImpl_run@resource://gre/modules/Task.jsm:319:42
process@resource://gre/modules/Promise.jsm -> resource://gre/modules/Promise-backend.js:922:23
walkerLoop@resource://gre/modules/Promise.jsm -> resource://gre/modules/Promise-backend.js:806:7
scheduleWalkerLoop/<@resource://gre/modules/Promise.jsm -> resource://gre/modules/Promise-backend.js:742:11

  SessionFileInternal.read<@resource://app/modules/sessionstore/SessionFile.jsm:227:22
TaskImpl_run@resource://gre/modules/Task.jsm:319:42
process@resource://gre/modules/Promise.jsm -> resource://gre/modules/Promise-backend.js:922:23
walkerLoop@resource://gre/modules/Promise.jsm -> resource://gre/modules/Promise-backend.js:806:7
scheduleWalkerLoop/<@resource://gre/modules/Promise.jsm -> resource://gre/modules/Promise-backend.js:742:11

1515808533359	addons.xpi	WARN	Add-on langpack-en-GB@firefox.mozilla.org is not compatible with application version.
1515808533364	addons.xpi	WARN	Add-on langpack-en-ZA@firefox.mozilla.org is not compatible with application version.
1515808534747	addons.update-checker	WARN	Update manifest for webcompat@mozilla.org did not contain an updates property
1515808534761	addons.update-checker	WARN	Update manifest for aushelper@mozilla.org did not contain an updates property
1515808534768	addons.update-checker	WARN	Update manifest for firefox@getpocket.com did not contain an updates property
1515808534787	addons.update-checker	WARN	Update manifest for {972ce4c6-7e08-4474-a285-3208198ce6fd} did not contain an updates property
1515808534957	addons.update-checker	WARN	Update manifest for followonsearch@mozilla.com did not contain an updates property
1515808534965	addons.update-checker	WARN	Update manifest for e10srollout@mozilla.org did not contain an updates property
1515808534973	addons.update-checker	WARN	Update manifest for timecop@mozilla.com did not contain an updates property
1515808535141	addons.update-checker	WARN	Update manifest for disable-crash-autosubmit@mozilla.org did not contain an updates property
failed to create drawable
compiz (core) - Warn: glXCreatePixmap failed
failed to create drawable
compiz (core) - Warn: glXCreatePixmap failed
1515808653380	addons.xpi	WARN	Add-on langpack-en-GB@firefox.mozilla.org is not compatible with application version.
1515808653387	addons.xpi	WARN	Add-on langpack-en-ZA@firefox.mozilla.org is not compatible with application version.
*************************
A coding exception was thrown and uncaught in a Task.

Full message: TypeError: NetworkError when attempting to fetch resource.
Full stack: loadFile@resource://gre/modules/services-common/blocklist-clients.js:119:30
TaskImpl_run@resource://gre/modules/Task.jsm:319:42
TaskImpl@resource://gre/modules/Task.jsm:277:3
asyncFunction@resource://gre/modules/Task.jsm:252:14
Task_spawn@resource://gre/modules/Task.jsm:166:12
loadDumpFile@resource://gre/modules/services-common/blocklist-clients.js:118:12
syncCollection@resource://gre/modules/services-common/blocklist-clients.js:212:39
TaskImpl_run@resource://gre/modules/Task.jsm:319:42

*************************
failed to create drawable
compiz (core) - Warn: glXCreatePixmap failed
1515808772498	addons.xpi	WARN	Add-on langpack-en-GB@firefox.mozilla.org is not compatible with application version.
1515808772499	addons.xpi	WARN	Add-on langpack-en-ZA@firefox.mozilla.org is not compatible with application version.
failed to create drawable
compiz (core) - Warn: glXCreatePixmap failed

(firefox:3307): Gtk-CRITICAL **: gtk_clipboard_set_with_data: assertion 'targets != NULL' failed
failed to create drawable
compiz (core) - Warn: glXCreatePixmap failed
failed to create drawable
compiz (core) - Warn: glXCreatePixmap failed
failed to create drawable
compiz (core) - Warn: glXCreatePixmap failed
failed to create drawable
compiz (core) - Warn: glXCreatePixmap failed
